<?xml version="1.0" encoding="UTF-8"?>
<!-- Generated by org.testng.reporters.JUnitReportReporter -->
<testsuite hostname="DESKTOP-PSEF36H" failures="0" tests="3" name="com.tutorialsninja.qa.testcases.SearchTest" time="18.107" errors="0" timestamp="2024-03-27T22:19:09 CET" skipped="0">
  <testcase classname="com.tutorialsninja.qa.testcases.SearchTest" name="verifySearchWithValidProduct" time="6.369"/>
  <system-out/>
  <testcase classname="com.tutorialsninja.qa.testcases.SearchTest" name="verifySearchWithInvalidProduct" time="5.860"/>
  <system-out/>
  <testcase classname="com.tutorialsninja.qa.testcases.SearchTest" name="verifySearchWithoutAnyProduct" time="5.878"/>
  <system-out/>
</testsuite> <!-- com.tutorialsninja.qa.testcases.SearchTest -->
