<?xml version="1.0" encoding="UTF-8"?>
<!-- Generated by org.testng.reporters.JUnitReportReporter -->
<testsuite hostname="DESKTOP-PSEF36H" failures="0" tests="3" name="com.tutorialsninja.qa.testcases.SearchTest" time="19.129" errors="0" timestamp="2024-03-27T21:32:27 CET" skipped="0">
  <testcase classname="com.tutorialsninja.qa.testcases.SearchTest" name="verifySearchWithValidProduct" time="6.587"/>
  <system-out/>
  <testcase classname="com.tutorialsninja.qa.testcases.SearchTest" name="verifySearchWithInvalidProduct" time="6.178"/>
  <system-out/>
  <testcase classname="com.tutorialsninja.qa.testcases.SearchTest" name="verifySearchWithoutAnyProduct" time="6.364"/>
  <system-out/>
</testsuite> <!-- com.tutorialsninja.qa.testcases.SearchTest -->
