<?xml version="1.0" encoding="UTF-8"?>
<!-- Generated by org.testng.reporters.JUnitReportReporter -->
<testsuite hostname="DESKTOP-PSEF36H" failures="0" tests="3" name="com.tutorialsninja.qa.testcases.SearchTest" time="24.707" errors="0" timestamp="2024-03-27T23:15:34 CET" skipped="0">
  <testcase classname="com.tutorialsninja.qa.testcases.SearchTest" name="verifySearchWithValidProduct" time="8.527"/>
  <system-out/>
  <testcase classname="com.tutorialsninja.qa.testcases.SearchTest" name="verifySearchWithInvalidProduct" time="7.973"/>
  <system-out/>
  <testcase classname="com.tutorialsninja.qa.testcases.SearchTest" name="verifySearchWithoutAnyProduct" time="8.207"/>
  <system-out/>
</testsuite> <!-- com.tutorialsninja.qa.testcases.SearchTest -->
